<?xml version="1.0" encoding="UTF-8"?>
<testsuite xmlns:xsi="http://www.w3.org/2001/XMLSchema-instance" xsi:noNamespaceSchemaLocation="https://maven.apache.org/surefire/maven-surefire-plugin/xsd/surefire-test-report.xsd" name="TestSuite" time="60.024" tests="2" errors="0" skipped="0" failures="0">
  <properties>
[...]
</properties>
  <testcase name="loginEpZoneAccount" classname="tests.loginprocess.EplPageLoginProcessTest" time="35.459"/>
  <testcase name="loginEplAccount" classname="tests.loginprocess.EplPageLoginProcessTest" time="21.266"/>
</testsuite>