<?xml version="1.0" encoding="UTF-8"?>
<testng-results ignored="0" total="2" passed="2" failed="0" skipped="0">
  <reporter-output>
  </reporter-output>
  <suite started-at="2022-08-18T06:26:48Z" name="All Test Suite" finished-at="2022-08-18T06:27:45Z" duration-ms="56821">
    <groups>
    </groups>
    <test started-at="2022-08-18T06:26:48Z" name="D:/Automatization/TestFramework" finished-at="2022-08-18T06:27:45Z" duration-ms="56821">
      <class name="tests.loginprocess.EplPageLoginProcessTest">
        <test-method signature="loginEpZoneAccount()[pri:0, instance:tests.loginprocess.EplPageLoginProcessTest@3bb5ceb]" started-at="2022-08-18T06:26:48Z" name="loginEpZoneAccount" finished-at="2022-08-18T06:27:24Z" duration-ms="35462" status="PASS">
          <reporter-output>
          </reporter-output>
        </test-method> <!-- loginEpZoneAccount -->
        <test-method signature="loginEplAccount()[pri:0, instance:tests.loginprocess.EplPageLoginProcessTest@3bb5ceb]" started-at="2022-08-18T06:27:24Z" name="loginEplAccount" finished-at="2022-08-18T06:27:45Z" duration-ms="21267" status="PASS">
          <reporter-output>
          </reporter-output>
        </test-method> <!-- loginEplAccount -->
        <test-method is-config="true" signature="clearCookiesAndLocalStorage()[pri:0, instance:tests.loginprocess.EplPageLoginProcessTest@3bb5ceb]" started-at="2022-08-18T06:27:45Z" name="clearCookiesAndLocalStorage" finished-at="2022-08-18T06:27:45Z" duration-ms="2" status="PASS">
          <reporter-output>
          </reporter-output>
        </test-method> <!-- clearCookiesAndLocalStorage -->
        <test-method is-config="true" signature="close()[pri:0, instance:tests.loginprocess.EplPageLoginProcessTest@3bb5ceb]" started-at="2022-08-18T06:27:45Z" name="close" finished-at="2022-08-18T06:27:46Z" duration-ms="628" status="PASS">
          <reporter-output>
          </reporter-output>
        </test-method> <!-- close -->
      </class> <!-- tests.loginprocess.EplPageLoginProcessTest -->
    </test> <!-- D:/Automatization/TestFramework -->
  </suite> <!-- All Test Suite -->
</testng-results>
